c:\training\c++\reversi\reversi\x64\debug\vc143.pdb
c:\training\c++\reversi\reversi\x64\debug\vc143.idb
c:\training\c++\reversi\reversi\x64\debug\qrc_reversi.obj
c:\training\c++\reversi\reversi\x64\debug\reversicontext.obj
c:\training\c++\reversi\reversi\x64\debug\reversi.obj
c:\training\c++\reversi\reversi\x64\debug\reversigame.obj
c:\training\c++\reversi\reversi\x64\debug\reversiview.obj
c:\training\c++\reversi\reversi\x64\debug\test.obj
c:\training\c++\reversi\reversi\x64\debug\main.obj
c:\training\c++\reversi\reversi\x64\debug\reversiinput.obj
c:\training\c++\reversi\reversi\x64\debug\moc_test.obj
c:\training\c++\reversi\reversi\x64\debug\moc_reversi.obj
c:\training\c++\reversi\reversi\x64\debug\reversi.ilk
c:\training\c++\reversi\x64\debug\reversi.exe
c:\training\c++\reversi\x64\debug\reversi.pdb
c:\training\c++\reversi\reversi\x64\debug\qt\moc\moc_reversi.cpp
c:\training\c++\reversi\reversi\x64\debug\qt\moc\moc_test.cpp
c:\training\c++\reversi\reversi\x64\debug\qt\rcc\qrc_reversi.cpp
c:\training\c++\reversi\reversi\x64\debug\qt\uic\ui_reversi.h
c:\training\c++\reversi\reversi\x64\debug\qt\uic\ui_test.h
c:\training\c++\reversi\reversi\x64\debug\reversi.tlog\cl.command.1.tlog
c:\training\c++\reversi\reversi\x64\debug\reversi.tlog\cl.read.1.tlog
c:\training\c++\reversi\reversi\x64\debug\reversi.tlog\cl.write.1.tlog
c:\training\c++\reversi\reversi\x64\debug\reversi.tlog\link.command.1.tlog
c:\training\c++\reversi\reversi\x64\debug\reversi.tlog\link.read.1.tlog
c:\training\c++\reversi\reversi\x64\debug\reversi.tlog\link.write.1.tlog
c:\training\c++\reversi\reversi\x64\debug\reversi.tlog\moc.read.1u.tlog
c:\training\c++\reversi\reversi\x64\debug\reversi.tlog\moc.write.1u.tlog
c:\training\c++\reversi\reversi\x64\debug\reversi.tlog\rcc.read.1u.tlog
c:\training\c++\reversi\reversi\x64\debug\reversi.tlog\rcc.write.1u.tlog
c:\training\c++\reversi\reversi\x64\debug\reversi.tlog\reversi.write.1u.tlog
c:\training\c++\reversi\reversi\x64\debug\reversi.tlog\uic.read.1u.tlog
c:\training\c++\reversi\reversi\x64\debug\reversi.tlog\uic.write.1u.tlog
