   Qt/MSBuild: 3.3.1.1
   Qt: 6.8.3
  test.cpp
C:\training\C++\Reversi\Reversi\test.cpp(1,1): warning C4828: 檔案包含起始於位移 0x461 的字元，在目前的來源字元集 (字碼頁 65001) 中不是合法的字元。
C:\training\C++\Reversi\Reversi\test.cpp(1,1): warning C4828: 檔案包含起始於位移 0x467 的字元，在目前的來源字元集 (字碼頁 65001) 中不是合法的字元。
C:\training\C++\Reversi\Reversi\test.cpp(1,1): warning C4828: 檔案包含起始於位移 0x469 的字元，在目前的來源字元集 (字碼頁 65001) 中不是合法的字元。
C:\training\C++\Reversi\Reversi\test.cpp(1,1): warning C4828: 檔案包含起始於位移 0x46a 的字元，在目前的來源字元集 (字碼頁 65001) 中不是合法的字元。
C:\training\C++\Reversi\Reversi\test.cpp(1,1): warning C4828: 檔案包含起始於位移 0x702 的字元，在目前的來源字元集 (字碼頁 65001) 中不是合法的字元。
C:\training\C++\Reversi\Reversi\test.cpp(1,1): warning C4828: 檔案包含起始於位移 0x704 的字元，在目前的來源字元集 (字碼頁 65001) 中不是合法的字元。
C:\training\C++\Reversi\Reversi\test.cpp(1,1): warning C4828: 檔案包含起始於位移 0x709 的字元，在目前的來源字元集 (字碼頁 65001) 中不是合法的字元。
C:\training\C++\Reversi\Reversi\test.cpp(1,1): warning C4828: 檔案包含起始於位移 0x79f 的字元，在目前的來源字元集 (字碼頁 65001) 中不是合法的字元。
C:\training\C++\Reversi\Reversi\test.cpp(1,1): warning C4828: 檔案包含起始於位移 0x7a1 的字元，在目前的來源字元集 (字碼頁 65001) 中不是合法的字元。
C:\training\C++\Reversi\Reversi\test.cpp(1,1): warning C4828: 檔案包含起始於位移 0x7a4 的字元，在目前的來源字元集 (字碼頁 65001) 中不是合法的字元。
C:\training\C++\Reversi\Reversi\test.cpp(1,1): warning C4828: 檔案包含起始於位移 0x87f 的字元，在目前的來源字元集 (字碼頁 65001) 中不是合法的字元。
C:\training\C++\Reversi\Reversi\test.cpp(1,1): warning C4828: 檔案包含起始於位移 0x881 的字元，在目前的來源字元集 (字碼頁 65001) 中不是合法的字元。
C:\training\C++\Reversi\Reversi\test.cpp(1,1): warning C4828: 檔案包含起始於位移 0x884 的字元，在目前的來源字元集 (字碼頁 65001) 中不是合法的字元。
C:\training\C++\Reversi\Reversi\test.cpp(1,1): warning C4828: 檔案包含起始於位移 0xa06 的字元，在目前的來源字元集 (字碼頁 65001) 中不是合法的字元。
C:\training\C++\Reversi\Reversi\test.cpp(1,1): warning C4828: 檔案包含起始於位移 0xa08 的字元，在目前的來源字元集 (字碼頁 65001) 中不是合法的字元。
C:\training\C++\Reversi\Reversi\test.cpp(1,1): warning C4828: 檔案包含起始於位移 0xa09 的字元，在目前的來源字元集 (字碼頁 65001) 中不是合法的字元。
C:\training\C++\Reversi\Reversi\test.cpp(1,1): warning C4828: 檔案包含起始於位移 0xa0c 的字元，在目前的來源字元集 (字碼頁 65001) 中不是合法的字元。
C:\training\C++\Reversi\Reversi\test.cpp(1,1): warning C4828: 檔案包含起始於位移 0xa0e 的字元，在目前的來源字元集 (字碼頁 65001) 中不是合法的字元。
C:\training\C++\Reversi\Reversi\test.cpp(1,1): warning C4828: 檔案包含起始於位移 0xa0f 的字元，在目前的來源字元集 (字碼頁 65001) 中不是合法的字元。
C:\training\C++\Reversi\Reversi\test.cpp(1,1): warning C4828: 檔案包含起始於位移 0xa12 的字元，在目前的來源字元集 (字碼頁 65001) 中不是合法的字元。
C:\training\C++\Reversi\Reversi\test.cpp(1,1): warning C4828: 檔案包含起始於位移 0xc4f 的字元，在目前的來源字元集 (字碼頁 65001) 中不是合法的字元。
C:\training\C++\Reversi\Reversi\test.cpp(1,1): warning C4828: 檔案包含起始於位移 0xc50 的字元，在目前的來源字元集 (字碼頁 65001) 中不是合法的字元。
C:\training\C++\Reversi\Reversi\test.cpp(1,1): warning C4828: 檔案包含起始於位移 0xc55 的字元，在目前的來源字元集 (字碼頁 65001) 中不是合法的字元。
C:\training\C++\Reversi\Reversi\test.cpp(1,1): warning C4828: 檔案包含起始於位移 0xc56 的字元，在目前的來源字元集 (字碼頁 65001) 中不是合法的字元。
C:\training\C++\Reversi\Reversi\test.cpp(1,1): warning C4828: 檔案包含起始於位移 0xdcc 的字元，在目前的來源字元集 (字碼頁 65001) 中不是合法的字元。
C:\training\C++\Reversi\Reversi\test.cpp(1,1): warning C4828: 檔案包含起始於位移 0xdcd 的字元，在目前的來源字元集 (字碼頁 65001) 中不是合法的字元。
C:\training\C++\Reversi\Reversi\test.cpp(1,1): warning C4828: 檔案包含起始於位移 0xdd0 的字元，在目前的來源字元集 (字碼頁 65001) 中不是合法的字元。
C:\training\C++\Reversi\Reversi\test.cpp(1,1): warning C4828: 檔案包含起始於位移 0xdd1 的字元，在目前的來源字元集 (字碼頁 65001) 中不是合法的字元。
C:\training\C++\Reversi\Reversi\test.cpp(1,1): warning C4828: 檔案包含起始於位移 0xdd2 的字元，在目前的來源字元集 (字碼頁 65001) 中不是合法的字元。
C:\training\C++\Reversi\Reversi\test.cpp(1,1): warning C4828: 檔案包含起始於位移 0xdd3 的字元，在目前的來源字元集 (字碼頁 65001) 中不是合法的字元。
C:\training\C++\Reversi\Reversi\test.cpp(1,1): warning C4828: 檔案包含起始於位移 0xdd4 的字元，在目前的來源字元集 (字碼頁 65001) 中不是合法的字元。
C:\training\C++\Reversi\Reversi\test.cpp(1,1): warning C4828: 檔案包含起始於位移 0xdd5 的字元，在目前的來源字元集 (字碼頁 65001) 中不是合法的字元。
C:\training\C++\Reversi\Reversi\test.cpp(1,1): warning C4828: 檔案包含起始於位移 0xdd6 的字元，在目前的來源字元集 (字碼頁 65001) 中不是合法的字元。
C:\training\C++\Reversi\Reversi\test.cpp(1,1): warning C4828: 檔案包含起始於位移 0xddb 的字元，在目前的來源字元集 (字碼頁 65001) 中不是合法的字元。
C:\training\C++\Reversi\Reversi\test.cpp(1,1): warning C4828: 檔案包含起始於位移 0x1277 的字元，在目前的來源字元集 (字碼頁 65001) 中不是合法的字元。
C:\training\C++\Reversi\Reversi\test.cpp(1,1): warning C4828: 檔案包含起始於位移 0x1278 的字元，在目前的來源字元集 (字碼頁 65001) 中不是合法的字元。
C:\training\C++\Reversi\Reversi\test.cpp(1,1): warning C4828: 檔案包含起始於位移 0x1279 的字元，在目前的來源字元集 (字碼頁 65001) 中不是合法的字元。
C:\training\C++\Reversi\Reversi\test.cpp(1,1): warning C4828: 檔案包含起始於位移 0x127b 的字元，在目前的來源字元集 (字碼頁 65001) 中不是合法的字元。
C:\training\C++\Reversi\Reversi\test.cpp(1,1): warning C4828: 檔案包含起始於位移 0x127f 的字元，在目前的來源字元集 (字碼頁 65001) 中不是合法的字元。
C:\training\C++\Reversi\Reversi\test.cpp(1,1): warning C4828: 檔案包含起始於位移 0x1281 的字元，在目前的來源字元集 (字碼頁 65001) 中不是合法的字元。
C:\training\C++\Reversi\Reversi\test.cpp(1,1): warning C4828: 檔案包含起始於位移 0x1283 的字元，在目前的來源字元集 (字碼頁 65001) 中不是合法的字元。
C:\training\C++\Reversi\Reversi\test.cpp(1,1): warning C4828: 檔案包含起始於位移 0x12b5 的字元，在目前的來源字元集 (字碼頁 65001) 中不是合法的字元。
C:\training\C++\Reversi\Reversi\test.cpp(1,1): warning C4828: 檔案包含起始於位移 0x12b9 的字元，在目前的來源字元集 (字碼頁 65001) 中不是合法的字元。
C:\training\C++\Reversi\Reversi\test.cpp(1,1): warning C4828: 檔案包含起始於位移 0x12bc 的字元，在目前的來源字元集 (字碼頁 65001) 中不是合法的字元。
C:\training\C++\Reversi\Reversi\test.cpp(1,1): warning C4828: 檔案包含起始於位移 0x12bf 的字元，在目前的來源字元集 (字碼頁 65001) 中不是合法的字元。
C:\training\C++\Reversi\Reversi\test.cpp(1,1): warning C4828: 檔案包含起始於位移 0x12c1 的字元，在目前的來源字元集 (字碼頁 65001) 中不是合法的字元。
C:\training\C++\Reversi\Reversi\test.cpp(1,1): warning C4828: 檔案包含起始於位移 0x12c3 的字元，在目前的來源字元集 (字碼頁 65001) 中不是合法的字元。
C:\training\C++\Reversi\Reversi\test.cpp(1,1): warning C4828: 檔案包含起始於位移 0x12c4 的字元，在目前的來源字元集 (字碼頁 65001) 中不是合法的字元。
C:\training\C++\Reversi\Reversi\test.cpp(1,1): warning C4828: 檔案包含起始於位移 0x12c5 的字元，在目前的來源字元集 (字碼頁 65001) 中不是合法的字元。
C:\training\C++\Reversi\Reversi\test.cpp(1,1): warning C4828: 檔案包含起始於位移 0x12c6 的字元，在目前的來源字元集 (字碼頁 65001) 中不是合法的字元。
C:\training\C++\Reversi\Reversi\test.cpp(1,1): warning C4828: 檔案包含起始於位移 0x1329 的字元，在目前的來源字元集 (字碼頁 65001) 中不是合法的字元。
C:\training\C++\Reversi\Reversi\test.cpp(1,1): warning C4828: 檔案包含起始於位移 0x132b 的字元，在目前的來源字元集 (字碼頁 65001) 中不是合法的字元。
C:\training\C++\Reversi\Reversi\test.cpp(1,1): warning C4828: 檔案包含起始於位移 0x132d 的字元，在目前的來源字元集 (字碼頁 65001) 中不是合法的字元。
C:\training\C++\Reversi\Reversi\test.cpp(1,1): warning C4828: 檔案包含起始於位移 0x1330 的字元，在目前的來源字元集 (字碼頁 65001) 中不是合法的字元。
C:\training\C++\Reversi\Reversi\test.cpp(1,1): warning C4828: 檔案包含起始於位移 0x1333 的字元，在目前的來源字元集 (字碼頁 65001) 中不是合法的字元。
C:\training\C++\Reversi\Reversi\test.cpp(1,1): warning C4828: 檔案包含起始於位移 0x1334 的字元，在目前的來源字元集 (字碼頁 65001) 中不是合法的字元。
C:\training\C++\Reversi\Reversi\test.cpp(1,1): warning C4828: 檔案包含起始於位移 0x1335 的字元，在目前的來源字元集 (字碼頁 65001) 中不是合法的字元。
C:\training\C++\Reversi\Reversi\test.cpp(1,1): warning C4828: 檔案包含起始於位移 0x1336 的字元，在目前的來源字元集 (字碼頁 65001) 中不是合法的字元。
C:\training\C++\Reversi\Reversi\test.cpp(1,1): warning C4828: 檔案包含起始於位移 0x1337 的字元，在目前的來源字元集 (字碼頁 65001) 中不是合法的字元。
C:\training\C++\Reversi\Reversi\test.cpp(1,1): warning C4828: 檔案包含起始於位移 0x133b 的字元，在目前的來源字元集 (字碼頁 65001) 中不是合法的字元。
C:\training\C++\Reversi\Reversi\test.cpp(1,1): warning C4828: 檔案包含起始於位移 0x133c 的字元，在目前的來源字元集 (字碼頁 65001) 中不是合法的字元。
C:\training\C++\Reversi\Reversi\test.cpp(1,1): warning C4828: 檔案包含起始於位移 0x1356 的字元，在目前的來源字元集 (字碼頁 65001) 中不是合法的字元。
C:\training\C++\Reversi\Reversi\test.cpp(1,1): warning C4828: 檔案包含起始於位移 0x135a 的字元，在目前的來源字元集 (字碼頁 65001) 中不是合法的字元。
C:\training\C++\Reversi\Reversi\test.cpp(1,1): warning C4828: 檔案包含起始於位移 0x135c 的字元，在目前的來源字元集 (字碼頁 65001) 中不是合法的字元。
C:\training\C++\Reversi\Reversi\test.cpp(1,1): warning C4828: 檔案包含起始於位移 0x135d 的字元，在目前的來源字元集 (字碼頁 65001) 中不是合法的字元。
C:\training\C++\Reversi\Reversi\test.cpp(1,1): warning C4828: 檔案包含起始於位移 0x1362 的字元，在目前的來源字元集 (字碼頁 65001) 中不是合法的字元。
C:\training\C++\Reversi\Reversi\test.cpp(1,1): warning C4828: 檔案包含起始於位移 0x1364 的字元，在目前的來源字元集 (字碼頁 65001) 中不是合法的字元。
C:\training\C++\Reversi\Reversi\test.cpp(1,1): warning C4828: 檔案包含起始於位移 0x1366 的字元，在目前的來源字元集 (字碼頁 65001) 中不是合法的字元。
C:\training\C++\Reversi\Reversi\test.cpp(1,1): warning C4828: 檔案包含起始於位移 0x1368 的字元，在目前的來源字元集 (字碼頁 65001) 中不是合法的字元。
C:\training\C++\Reversi\Reversi\test.cpp(1,1): warning C4828: 檔案包含起始於位移 0x136a 的字元，在目前的來源字元集 (字碼頁 65001) 中不是合法的字元。
C:\training\C++\Reversi\Reversi\test.cpp(1,1): warning C4828: 檔案包含起始於位移 0x136c 的字元，在目前的來源字元集 (字碼頁 65001) 中不是合法的字元。
C:\training\C++\Reversi\Reversi\test.cpp(1,1): warning C4828: 檔案包含起始於位移 0x136d 的字元，在目前的來源字元集 (字碼頁 65001) 中不是合法的字元。
C:\training\C++\Reversi\Reversi\test.cpp(1,1): warning C4828: 檔案包含起始於位移 0x13af 的字元，在目前的來源字元集 (字碼頁 65001) 中不是合法的字元。
C:\training\C++\Reversi\Reversi\test.cpp(1,1): warning C4828: 檔案包含起始於位移 0x13b0 的字元，在目前的來源字元集 (字碼頁 65001) 中不是合法的字元。
C:\training\C++\Reversi\Reversi\test.cpp(1,1): warning C4828: 檔案包含起始於位移 0x13b1 的字元，在目前的來源字元集 (字碼頁 65001) 中不是合法的字元。
C:\training\C++\Reversi\Reversi\test.cpp(1,1): warning C4828: 檔案包含起始於位移 0x13b9 的字元，在目前的來源字元集 (字碼頁 65001) 中不是合法的字元。
C:\training\C++\Reversi\Reversi\test.cpp(1,1): warning C4828: 檔案包含起始於位移 0x13c1 的字元，在目前的來源字元集 (字碼頁 65001) 中不是合法的字元。
C:\training\C++\Reversi\Reversi\test.cpp(1,1): warning C4828: 檔案包含起始於位移 0x13c2 的字元，在目前的來源字元集 (字碼頁 65001) 中不是合法的字元。
C:\training\C++\Reversi\Reversi\test.cpp(1,1): warning C4828: 檔案包含起始於位移 0x13c3 的字元，在目前的來源字元集 (字碼頁 65001) 中不是合法的字元。
C:\training\C++\Reversi\Reversi\test.cpp(1,1): warning C4828: 檔案包含起始於位移 0x13c5 的字元，在目前的來源字元集 (字碼頁 65001) 中不是合法的字元。
C:\training\C++\Reversi\Reversi\test.cpp(1,1): warning C4828: 檔案包含起始於位移 0x13c7 的字元，在目前的來源字元集 (字碼頁 65001) 中不是合法的字元。
C:\training\C++\Reversi\Reversi\test.cpp(1,1): warning C4828: 檔案包含起始於位移 0x13c8 的字元，在目前的來源字元集 (字碼頁 65001) 中不是合法的字元。
C:\training\C++\Reversi\Reversi\test.cpp(1,1): warning C4828: 檔案包含起始於位移 0x13ff 的字元，在目前的來源字元集 (字碼頁 65001) 中不是合法的字元。
C:\training\C++\Reversi\Reversi\test.cpp(1,1): warning C4828: 檔案包含起始於位移 0x1404 的字元，在目前的來源字元集 (字碼頁 65001) 中不是合法的字元。
C:\training\C++\Reversi\Reversi\test.cpp(1,1): warning C4828: 檔案包含起始於位移 0x1407 的字元，在目前的來源字元集 (字碼頁 65001) 中不是合法的字元。
C:\training\C++\Reversi\Reversi\test.cpp(1,1): warning C4828: 檔案包含起始於位移 0x1408 的字元，在目前的來源字元集 (字碼頁 65001) 中不是合法的字元。
C:\training\C++\Reversi\Reversi\test.cpp(1,1): warning C4828: 檔案包含起始於位移 0x1409 的字元，在目前的來源字元集 (字碼頁 65001) 中不是合法的字元。
C:\training\C++\Reversi\Reversi\test.cpp(1,1): warning C4828: 檔案包含起始於位移 0x140a 的字元，在目前的來源字元集 (字碼頁 65001) 中不是合法的字元。
C:\training\C++\Reversi\Reversi\test.cpp(1,1): warning C4828: 檔案包含起始於位移 0x14f1 的字元，在目前的來源字元集 (字碼頁 65001) 中不是合法的字元。
C:\training\C++\Reversi\Reversi\test.cpp(1,1): warning C4828: 檔案包含起始於位移 0x14f3 的字元，在目前的來源字元集 (字碼頁 65001) 中不是合法的字元。
C:\training\C++\Reversi\Reversi\test.cpp(1,1): warning C4828: 檔案包含起始於位移 0x14f4 的字元，在目前的來源字元集 (字碼頁 65001) 中不是合法的字元。
C:\training\C++\Reversi\Reversi\test.cpp(1,1): warning C4828: 檔案包含起始於位移 0x14f5 的字元，在目前的來源字元集 (字碼頁 65001) 中不是合法的字元。
C:\training\C++\Reversi\Reversi\test.cpp(1,1): warning C4828: 檔案包含起始於位移 0x14fa 的字元，在目前的來源字元集 (字碼頁 65001) 中不是合法的字元。
C:\training\C++\Reversi\Reversi\test.cpp(1,1): warning C4828: 檔案包含起始於位移 0x14fd 的字元，在目前的來源字元集 (字碼頁 65001) 中不是合法的字元。
C:\training\C++\Reversi\Reversi\test.cpp(1,1): warning C4828: 檔案包含起始於位移 0x14fe 的字元，在目前的來源字元集 (字碼頁 65001) 中不是合法的字元。
C:\training\C++\Reversi\Reversi\test.cpp(1,1): warning C4828: 檔案包含起始於位移 0x14ff 的字元，在目前的來源字元集 (字碼頁 65001) 中不是合法的字元。
C:\training\C++\Reversi\Reversi\test.cpp(1,1): warning C4828: 檔案包含起始於位移 0x1500 的字元，在目前的來源字元集 (字碼頁 65001) 中不是合法的字元。
C:\training\C++\Reversi\Reversi\test.cpp(1,1): warning C4828: 檔案包含起始於位移 0x1514 的字元，在目前的來源字元集 (字碼頁 65001) 中不是合法的字元。
C:\training\C++\Reversi\Reversi\test.cpp(1,1): warning C4828: 檔案包含起始於位移 0x1516 的字元，在目前的來源字元集 (字碼頁 65001) 中不是合法的字元。
C:\training\C++\Reversi\Reversi\test.cpp(1,1): warning C4828: 檔案包含起始於位移 0x1517 的字元，在目前的來源字元集 (字碼頁 65001) 中不是合法的字元。
C:\training\C++\Reversi\Reversi\test.cpp(1,1): warning C4828: 檔案包含起始於位移 0x151a 的字元，在目前的來源字元集 (字碼頁 65001) 中不是合法的字元。
C:\training\C++\Reversi\Reversi\test.cpp(1,1): warning C4828: 檔案包含起始於位移 0x151b 的字元，在目前的來源字元集 (字碼頁 65001) 中不是合法的字元。
C:\training\C++\Reversi\Reversi\test.cpp(1,1): warning C4828: 檔案包含起始於位移 0x151c 的字元，在目前的來源字元集 (字碼頁 65001) 中不是合法的字元。
C:\training\C++\Reversi\Reversi\test.cpp(1,1): warning C4828: 檔案包含起始於位移 0x151e 的字元，在目前的來源字元集 (字碼頁 65001) 中不是合法的字元。
C:\training\C++\Reversi\Reversi\test.cpp(1,1): warning C4828: 檔案包含起始於位移 0x151f 的字元，在目前的來源字元集 (字碼頁 65001) 中不是合法的字元。
C:\training\C++\Reversi\Reversi\test.cpp(1,1): warning C4828: 檔案包含起始於位移 0x1520 的字元，在目前的來源字元集 (字碼頁 65001) 中不是合法的字元。
C:\training\C++\Reversi\Reversi\test.cpp(1,1): warning C4828: 檔案包含起始於位移 0x1521 的字元，在目前的來源字元集 (字碼頁 65001) 中不是合法的字元。
C:\training\C++\Reversi\Reversi\test.cpp(1,1): warning C4828: 檔案包含起始於位移 0x1524 的字元，在目前的來源字元集 (字碼頁 65001) 中不是合法的字元。
C:\training\C++\Reversi\Reversi\test.cpp(1,1): warning C4828: 檔案包含起始於位移 0x1525 的字元，在目前的來源字元集 (字碼頁 65001) 中不是合法的字元。
C:\training\C++\Reversi\Reversi\test.cpp(1,1): warning C4828: 檔案包含起始於位移 0x1528 的字元，在目前的來源字元集 (字碼頁 65001) 中不是合法的字元。
C:\training\C++\Reversi\Reversi\test.cpp(1,1): warning C4828: 檔案包含起始於位移 0x1529 的字元，在目前的來源字元集 (字碼頁 65001) 中不是合法的字元。
C:\training\C++\Reversi\Reversi\test.cpp(1,1): warning C4828: 檔案包含起始於位移 0x152c 的字元，在目前的來源字元集 (字碼頁 65001) 中不是合法的字元。
C:\training\C++\Reversi\Reversi\test.cpp(1,1): warning C4828: 檔案包含起始於位移 0x152d 的字元，在目前的來源字元集 (字碼頁 65001) 中不是合法的字元。
C:\training\C++\Reversi\Reversi\test.cpp(1,1): warning C4828: 檔案包含起始於位移 0x1530 的字元，在目前的來源字元集 (字碼頁 65001) 中不是合法的字元。
C:\training\C++\Reversi\Reversi\test.cpp(1,1): warning C4828: 檔案包含起始於位移 0x1534 的字元，在目前的來源字元集 (字碼頁 65001) 中不是合法的字元。
C:\training\C++\Reversi\Reversi\test.cpp(1,1): warning C4828: 檔案包含起始於位移 0x15cc 的字元，在目前的來源字元集 (字碼頁 65001) 中不是合法的字元。
C:\training\C++\Reversi\Reversi\test.cpp(1,1): warning C4828: 檔案包含起始於位移 0x15ce 的字元，在目前的來源字元集 (字碼頁 65001) 中不是合法的字元。
C:\training\C++\Reversi\Reversi\test.cpp(1,1): warning C4828: 檔案包含起始於位移 0x15d0 的字元，在目前的來源字元集 (字碼頁 65001) 中不是合法的字元。
C:\training\C++\Reversi\Reversi\test.cpp(1,1): warning C4828: 檔案包含起始於位移 0x15d3 的字元，在目前的來源字元集 (字碼頁 65001) 中不是合法的字元。
C:\training\C++\Reversi\Reversi\test.cpp(1,1): warning C4828: 檔案包含起始於位移 0x15d6 的字元，在目前的來源字元集 (字碼頁 65001) 中不是合法的字元。
C:\training\C++\Reversi\Reversi\test.cpp(1,1): warning C4828: 檔案包含起始於位移 0x15d7 的字元，在目前的來源字元集 (字碼頁 65001) 中不是合法的字元。
C:\training\C++\Reversi\Reversi\test.cpp(1,1): warning C4828: 檔案包含起始於位移 0x15d8 的字元，在目前的來源字元集 (字碼頁 65001) 中不是合法的字元。
C:\training\C++\Reversi\Reversi\test.cpp(1,1): warning C4828: 檔案包含起始於位移 0x15d9 的字元，在目前的來源字元集 (字碼頁 65001) 中不是合法的字元。
C:\training\C++\Reversi\Reversi\test.cpp(1,1): warning C4828: 檔案包含起始於位移 0x15dc 的字元，在目前的來源字元集 (字碼頁 65001) 中不是合法的字元。
C:\training\C++\Reversi\Reversi\test.cpp(1,1): warning C4828: 檔案包含起始於位移 0x1635 的字元，在目前的來源字元集 (字碼頁 65001) 中不是合法的字元。
C:\training\C++\Reversi\Reversi\test.cpp(1,1): warning C4828: 檔案包含起始於位移 0x1636 的字元，在目前的來源字元集 (字碼頁 65001) 中不是合法的字元。
C:\training\C++\Reversi\Reversi\test.cpp(1,1): warning C4828: 檔案包含起始於位移 0x1639 的字元，在目前的來源字元集 (字碼頁 65001) 中不是合法的字元。
C:\training\C++\Reversi\Reversi\test.cpp(1,1): warning C4828: 檔案包含起始於位移 0x163d 的字元，在目前的來源字元集 (字碼頁 65001) 中不是合法的字元。
C:\training\C++\Reversi\Reversi\test.cpp(1,1): warning C4828: 檔案包含起始於位移 0x163e 的字元，在目前的來源字元集 (字碼頁 65001) 中不是合法的字元。
C:\training\C++\Reversi\Reversi\test.cpp(1,1): warning C4828: 檔案包含起始於位移 0x163f 的字元，在目前的來源字元集 (字碼頁 65001) 中不是合法的字元。
C:\training\C++\Reversi\Reversi\test.cpp(1,1): warning C4828: 檔案包含起始於位移 0x1643 的字元，在目前的來源字元集 (字碼頁 65001) 中不是合法的字元。
C:\training\C++\Reversi\Reversi\test.cpp(1,1): warning C4828: 檔案包含起始於位移 0x1645 的字元，在目前的來源字元集 (字碼頁 65001) 中不是合法的字元。
C:\training\C++\Reversi\Reversi\test.cpp(1,1): warning C4828: 檔案包含起始於位移 0x1647 的字元，在目前的來源字元集 (字碼頁 65001) 中不是合法的字元。
C:\training\C++\Reversi\Reversi\test.cpp(1,1): warning C4828: 檔案包含起始於位移 0x1649 的字元，在目前的來源字元集 (字碼頁 65001) 中不是合法的字元。
C:\training\C++\Reversi\Reversi\test.cpp(1,1): warning C4828: 檔案包含起始於位移 0x164b 的字元，在目前的來源字元集 (字碼頁 65001) 中不是合法的字元。
C:\training\C++\Reversi\Reversi\test.cpp(1,1): warning C4828: 檔案包含起始於位移 0x164e 的字元，在目前的來源字元集 (字碼頁 65001) 中不是合法的字元。
C:\training\C++\Reversi\Reversi\test.cpp(1,1): warning C4828: 檔案包含起始於位移 0x164f 的字元，在目前的來源字元集 (字碼頁 65001) 中不是合法的字元。
C:\training\C++\Reversi\Reversi\test.cpp(1,1): warning C4828: 檔案包含起始於位移 0x1651 的字元，在目前的來源字元集 (字碼頁 65001) 中不是合法的字元。
C:\training\C++\Reversi\Reversi\test.cpp(1,1): warning C4828: 檔案包含起始於位移 0x16be 的字元，在目前的來源字元集 (字碼頁 65001) 中不是合法的字元。
C:\training\C++\Reversi\Reversi\test.cpp(1,1): warning C4828: 檔案包含起始於位移 0x16bf 的字元，在目前的來源字元集 (字碼頁 65001) 中不是合法的字元。
C:\training\C++\Reversi\Reversi\test.cpp(1,1): warning C4828: 檔案包含起始於位移 0x16c4 的字元，在目前的來源字元集 (字碼頁 65001) 中不是合法的字元。
C:\training\C++\Reversi\Reversi\test.cpp(1,1): warning C4828: 檔案包含起始於位移 0x1726 的字元，在目前的來源字元集 (字碼頁 65001) 中不是合法的字元。
C:\training\C++\Reversi\Reversi\test.cpp(1,1): warning C4828: 檔案包含起始於位移 0x1728 的字元，在目前的來源字元集 (字碼頁 65001) 中不是合法的字元。
C:\training\C++\Reversi\Reversi\test.cpp(1,1): warning C4828: 檔案包含起始於位移 0x1729 的字元，在目前的來源字元集 (字碼頁 65001) 中不是合法的字元。
C:\training\C++\Reversi\Reversi\test.cpp(1,1): warning C4828: 檔案包含起始於位移 0x172a 的字元，在目前的來源字元集 (字碼頁 65001) 中不是合法的字元。
C:\training\C++\Reversi\Reversi\test.cpp(1,1): warning C4828: 檔案包含起始於位移 0x172e 的字元，在目前的來源字元集 (字碼頁 65001) 中不是合法的字元。
C:\training\C++\Reversi\Reversi\test.cpp(1,1): warning C4828: 檔案包含起始於位移 0x172f 的字元，在目前的來源字元集 (字碼頁 65001) 中不是合法的字元。
C:\training\C++\Reversi\Reversi\test.cpp(1,1): warning C4828: 檔案包含起始於位移 0x1730 的字元，在目前的來源字元集 (字碼頁 65001) 中不是合法的字元。
C:\training\C++\Reversi\Reversi\test.cpp(1,1): warning C4828: 檔案包含起始於位移 0x1733 的字元，在目前的來源字元集 (字碼頁 65001) 中不是合法的字元。
C:\training\C++\Reversi\Reversi\test.cpp(1,1): warning C4828: 檔案包含起始於位移 0x1736 的字元，在目前的來源字元集 (字碼頁 65001) 中不是合法的字元。
C:\training\C++\Reversi\Reversi\test.cpp(1,1): warning C4828: 檔案包含起始於位移 0x17be 的字元，在目前的來源字元集 (字碼頁 65001) 中不是合法的字元。
C:\training\C++\Reversi\Reversi\test.cpp(1,1): warning C4828: 檔案包含起始於位移 0x17c0 的字元，在目前的來源字元集 (字碼頁 65001) 中不是合法的字元。
C:\training\C++\Reversi\Reversi\test.cpp(1,1): warning C4828: 檔案包含起始於位移 0x17c1 的字元，在目前的來源字元集 (字碼頁 65001) 中不是合法的字元。
C:\training\C++\Reversi\Reversi\test.cpp(1,1): warning C4828: 檔案包含起始於位移 0x17c2 的字元，在目前的來源字元集 (字碼頁 65001) 中不是合法的字元。
C:\training\C++\Reversi\Reversi\test.cpp(1,1): warning C4828: 檔案包含起始於位移 0x1835 的字元，在目前的來源字元集 (字碼頁 65001) 中不是合法的字元。
C:\training\C++\Reversi\Reversi\test.cpp(1,1): warning C4828: 檔案包含起始於位移 0x1837 的字元，在目前的來源字元集 (字碼頁 65001) 中不是合法的字元。
C:\training\C++\Reversi\Reversi\test.cpp(1,1): warning C4828: 檔案包含起始於位移 0x1838 的字元，在目前的來源字元集 (字碼頁 65001) 中不是合法的字元。
C:\training\C++\Reversi\Reversi\test.cpp(1,1): warning C4828: 檔案包含起始於位移 0x1839 的字元，在目前的來源字元集 (字碼頁 65001) 中不是合法的字元。
C:\training\C++\Reversi\Reversi\test.cpp(1,1): warning C4828: 檔案包含起始於位移 0x183b 的字元，在目前的來源字元集 (字碼頁 65001) 中不是合法的字元。
C:\training\C++\Reversi\Reversi\test.cpp(1,1): warning C4828: 檔案包含起始於位移 0x183c 的字元，在目前的來源字元集 (字碼頁 65001) 中不是合法的字元。
C:\training\C++\Reversi\Reversi\test.cpp(1,1): warning C4828: 檔案包含起始於位移 0x183d 的字元，在目前的來源字元集 (字碼頁 65001) 中不是合法的字元。
C:\training\C++\Reversi\Reversi\test.cpp(1,1): warning C4828: 檔案包含起始於位移 0x197b 的字元，在目前的來源字元集 (字碼頁 65001) 中不是合法的字元。
C:\training\C++\Reversi\Reversi\test.cpp(1,1): warning C4828: 檔案包含起始於位移 0x197d 的字元，在目前的來源字元集 (字碼頁 65001) 中不是合法的字元。
C:\training\C++\Reversi\Reversi\test.cpp(1,1): warning C4828: 檔案包含起始於位移 0x197e 的字元，在目前的來源字元集 (字碼頁 65001) 中不是合法的字元。
C:\training\C++\Reversi\Reversi\test.cpp(1,1): warning C4828: 檔案包含起始於位移 0x1981 的字元，在目前的來源字元集 (字碼頁 65001) 中不是合法的字元。
C:\training\C++\Reversi\Reversi\test.cpp(1,1): warning C4828: 檔案包含起始於位移 0x1982 的字元，在目前的來源字元集 (字碼頁 65001) 中不是合法的字元。
C:\training\C++\Reversi\Reversi\test.cpp(1,1): warning C4828: 檔案包含起始於位移 0x1983 的字元，在目前的來源字元集 (字碼頁 65001) 中不是合法的字元。
C:\training\C++\Reversi\Reversi\test.cpp(1,1): warning C4828: 檔案包含起始於位移 0x1984 的字元，在目前的來源字元集 (字碼頁 65001) 中不是合法的字元。
C:\training\C++\Reversi\Reversi\test.cpp(1,1): warning C4828: 檔案包含起始於位移 0x1985 的字元，在目前的來源字元集 (字碼頁 65001) 中不是合法的字元。
C:\training\C++\Reversi\Reversi\test.cpp(1,1): warning C4828: 檔案包含起始於位移 0x1989 的字元，在目前的來源字元集 (字碼頁 65001) 中不是合法的字元。
C:\training\C++\Reversi\Reversi\test.cpp(1,1): warning C4828: 檔案包含起始於位移 0x19e0 的字元，在目前的來源字元集 (字碼頁 65001) 中不是合法的字元。
C:\training\C++\Reversi\Reversi\test.cpp(1,1): warning C4828: 檔案包含起始於位移 0x19e1 的字元，在目前的來源字元集 (字碼頁 65001) 中不是合法的字元。
C:\training\C++\Reversi\Reversi\test.cpp(1,1): warning C4828: 檔案包含起始於位移 0x19e2 的字元，在目前的來源字元集 (字碼頁 65001) 中不是合法的字元。
C:\training\C++\Reversi\Reversi\test.cpp(1,1): warning C4828: 檔案包含起始於位移 0x19e3 的字元，在目前的來源字元集 (字碼頁 65001) 中不是合法的字元。
C:\training\C++\Reversi\Reversi\test.cpp(1,1): warning C4828: 檔案包含起始於位移 0x19e6 的字元，在目前的來源字元集 (字碼頁 65001) 中不是合法的字元。
C:\training\C++\Reversi\Reversi\test.cpp(1,1): warning C4828: 檔案包含起始於位移 0x19e9 的字元，在目前的來源字元集 (字碼頁 65001) 中不是合法的字元。
C:\training\C++\Reversi\Reversi\test.cpp(1,1): warning C4828: 檔案包含起始於位移 0x19ec 的字元，在目前的來源字元集 (字碼頁 65001) 中不是合法的字元。
C:\training\C++\Reversi\Reversi\test.cpp(1,1): warning C4828: 檔案包含起始於位移 0x19ed 的字元，在目前的來源字元集 (字碼頁 65001) 中不是合法的字元。
C:\training\C++\Reversi\Reversi\test.cpp(1,1): warning C4828: 檔案包含起始於位移 0x19ee 的字元，在目前的來源字元集 (字碼頁 65001) 中不是合法的字元。
C:\training\C++\Reversi\Reversi\test.cpp(1,1): warning C4828: 檔案包含起始於位移 0x1a41 的字元，在目前的來源字元集 (字碼頁 65001) 中不是合法的字元。
C:\training\C++\Reversi\Reversi\test.cpp(1,1): warning C4828: 檔案包含起始於位移 0x1a43 的字元，在目前的來源字元集 (字碼頁 65001) 中不是合法的字元。
C:\training\C++\Reversi\Reversi\test.cpp(1,1): warning C4828: 檔案包含起始於位移 0x1a44 的字元，在目前的來源字元集 (字碼頁 65001) 中不是合法的字元。
C:\training\C++\Reversi\Reversi\test.cpp(1,1): warning C4828: 檔案包含起始於位移 0x1a45 的字元，在目前的來源字元集 (字碼頁 65001) 中不是合法的字元。
C:\training\C++\Reversi\Reversi\test.cpp(1,1): warning C4828: 檔案包含起始於位移 0x1a46 的字元，在目前的來源字元集 (字碼頁 65001) 中不是合法的字元。
C:\training\C++\Reversi\Reversi\test.cpp(1,1): warning C4828: 檔案包含起始於位移 0x1a49 的字元，在目前的來源字元集 (字碼頁 65001) 中不是合法的字元。
C:\training\C++\Reversi\Reversi\test.cpp(1,1): warning C4828: 檔案包含起始於位移 0x1a4b 的字元，在目前的來源字元集 (字碼頁 65001) 中不是合法的字元。
C:\training\C++\Reversi\Reversi\test.cpp(1,1): warning C4828: 檔案包含起始於位移 0x1a4d 的字元，在目前的來源字元集 (字碼頁 65001) 中不是合法的字元。
C:\training\C++\Reversi\Reversi\test.cpp(1,1): warning C4828: 檔案包含起始於位移 0x1a4f 的字元，在目前的來源字元集 (字碼頁 65001) 中不是合法的字元。
C:\training\C++\Reversi\Reversi\test.cpp(1,1): warning C4828: 檔案包含起始於位移 0x1a51 的字元，在目前的來源字元集 (字碼頁 65001) 中不是合法的字元。
C:\training\C++\Reversi\Reversi\test.cpp(1,1): warning C4828: 檔案包含起始於位移 0x1a7a 的字元，在目前的來源字元集 (字碼頁 65001) 中不是合法的字元。
C:\training\C++\Reversi\Reversi\test.cpp(1,1): warning C4828: 檔案包含起始於位移 0x1a7c 的字元，在目前的來源字元集 (字碼頁 65001) 中不是合法的字元。
C:\training\C++\Reversi\Reversi\test.cpp(1,1): warning C4828: 檔案包含起始於位移 0x1a7e 的字元，在目前的來源字元集 (字碼頁 65001) 中不是合法的字元。
C:\training\C++\Reversi\Reversi\test.cpp(1,1): warning C4828: 檔案包含起始於位移 0x1a80 的字元，在目前的來源字元集 (字碼頁 65001) 中不是合法的字元。
C:\training\C++\Reversi\Reversi\test.cpp(1,1): warning C4828: 檔案包含起始於位移 0x1a83 的字元，在目前的來源字元集 (字碼頁 65001) 中不是合法的字元。
C:\training\C++\Reversi\Reversi\test.cpp(1,1): warning C4828: 檔案包含起始於位移 0x1a86 的字元，在目前的來源字元集 (字碼頁 65001) 中不是合法的字元。
C:\training\C++\Reversi\Reversi\test.cpp(1,1): warning C4828: 檔案包含起始於位移 0x1a87 的字元，在目前的來源字元集 (字碼頁 65001) 中不是合法的字元。
C:\training\C++\Reversi\Reversi\test.cpp(1,1): warning C4828: 檔案包含起始於位移 0x1a88 的字元，在目前的來源字元集 (字碼頁 65001) 中不是合法的字元。
C:\training\C++\Reversi\Reversi\test.cpp(1,1): warning C4828: 檔案包含起始於位移 0x1a89 的字元，在目前的來源字元集 (字碼頁 65001) 中不是合法的字元。
C:\training\C++\Reversi\Reversi\test.cpp(1,1): warning C4828: 檔案包含起始於位移 0x1a8c 的字元，在目前的來源字元集 (字碼頁 65001) 中不是合法的字元。
C:\training\C++\Reversi\Reversi\test.cpp(1,1): warning C4828: 檔案包含起始於位移 0x1a90 的字元，在目前的來源字元集 (字碼頁 65001) 中不是合法的字元。
C:\training\C++\Reversi\Reversi\test.cpp(1,1): warning C4828: 檔案包含起始於位移 0x1a91 的字元，在目前的來源字元集 (字碼頁 65001) 中不是合法的字元。
C:\training\C++\Reversi\Reversi\test.cpp(1,1): warning C4828: 檔案包含起始於位移 0x1a92 的字元，在目前的來源字元集 (字碼頁 65001) 中不是合法的字元。
C:\training\C++\Reversi\Reversi\test.cpp(1,1): warning C4828: 檔案包含起始於位移 0x1a94 的字元，在目前的來源字元集 (字碼頁 65001) 中不是合法的字元。
C:\training\C++\Reversi\Reversi\test.cpp(1,1): warning C4828: 檔案包含起始於位移 0x1a98 的字元，在目前的來源字元集 (字碼頁 65001) 中不是合法的字元。
C:\training\C++\Reversi\Reversi\test.cpp(1,1): warning C4828: 檔案包含起始於位移 0x1a9a 的字元，在目前的來源字元集 (字碼頁 65001) 中不是合法的字元。
C:\training\C++\Reversi\Reversi\test.cpp(1,1): warning C4828: 檔案包含起始於位移 0x1a9c 的字元，在目前的來源字元集 (字碼頁 65001) 中不是合法的字元。
C:\training\C++\Reversi\Reversi\test.cpp(1,1): warning C4828: 檔案包含起始於位移 0x1a9f 的字元，在目前的來源字元集 (字碼頁 65001) 中不是合法的字元。
C:\training\C++\Reversi\Reversi\test.cpp(1,1): warning C4828: 檔案包含起始於位移 0x1ad0 的字元，在目前的來源字元集 (字碼頁 65001) 中不是合法的字元。
C:\training\C++\Reversi\Reversi\test.cpp(1,1): warning C4828: 檔案包含起始於位移 0x1ad2 的字元，在目前的來源字元集 (字碼頁 65001) 中不是合法的字元。
C:\training\C++\Reversi\Reversi\test.cpp(1,1): warning C4828: 檔案包含起始於位移 0x1ad6 的字元，在目前的來源字元集 (字碼頁 65001) 中不是合法的字元。
C:\training\C++\Reversi\Reversi\test.cpp(1,1): warning C4828: 檔案包含起始於位移 0x1ad7 的字元，在目前的來源字元集 (字碼頁 65001) 中不是合法的字元。
C:\training\C++\Reversi\Reversi\test.cpp(1,1): warning C4828: 檔案包含起始於位移 0x1ad8 的字元，在目前的來源字元集 (字碼頁 65001) 中不是合法的字元。
C:\training\C++\Reversi\Reversi\test.cpp(1,1): warning C4828: 檔案包含起始於位移 0x1ad9 的字元，在目前的來源字元集 (字碼頁 65001) 中不是合法的字元。
C:\training\C++\Reversi\Reversi\test.cpp(1,1): warning C4828: 檔案包含起始於位移 0x1ada 的字元，在目前的來源字元集 (字碼頁 65001) 中不是合法的字元。
C:\training\C++\Reversi\Reversi\test.cpp(1,1): warning C4828: 檔案包含起始於位移 0x1ade 的字元，在目前的來源字元集 (字碼頁 65001) 中不是合法的字元。
C:\training\C++\Reversi\Reversi\test.cpp(1,1): warning C4828: 檔案包含起始於位移 0x1afb 的字元，在目前的來源字元集 (字碼頁 65001) 中不是合法的字元。
C:\training\C++\Reversi\Reversi\test.cpp(1,1): warning C4828: 檔案包含起始於位移 0x1afc 的字元，在目前的來源字元集 (字碼頁 65001) 中不是合法的字元。
C:\training\C++\Reversi\Reversi\test.cpp(1,1): warning C4828: 檔案包含起始於位移 0x1b01 的字元，在目前的來源字元集 (字碼頁 65001) 中不是合法的字元。
C:\training\C++\Reversi\Reversi\test.cpp(1,1): warning C4828: 檔案包含起始於位移 0x1b02 的字元，在目前的來源字元集 (字碼頁 65001) 中不是合法的字元。
C:\training\C++\Reversi\Reversi\test.cpp(1,1): warning C4828: 檔案包含起始於位移 0x1b03 的字元，在目前的來源字元集 (字碼頁 65001) 中不是合法的字元。
C:\training\C++\Reversi\Reversi\test.cpp(1,1): warning C4828: 檔案包含起始於位移 0x1b04 的字元，在目前的來源字元集 (字碼頁 65001) 中不是合法的字元。
C:\training\C++\Reversi\Reversi\test.cpp(1,1): warning C4828: 檔案包含起始於位移 0x1b05 的字元，在目前的來源字元集 (字碼頁 65001) 中不是合法的字元。
C:\training\C++\Reversi\Reversi\test.cpp(1,1): warning C4828: 檔案包含起始於位移 0x1b09 的字元，在目前的來源字元集 (字碼頁 65001) 中不是合法的字元。
C:\training\C++\Reversi\Reversi\test.cpp(1,1): warning C4828: 檔案包含起始於位移 0x1d52 的字元，在目前的來源字元集 (字碼頁 65001) 中不是合法的字元。
C:\training\C++\Reversi\Reversi\test.cpp(1,1): warning C4828: 檔案包含起始於位移 0x1d53 的字元，在目前的來源字元集 (字碼頁 65001) 中不是合法的字元。
C:\training\C++\Reversi\Reversi\test.cpp(1,1): warning C4828: 檔案包含起始於位移 0x1d57 的字元，在目前的來源字元集 (字碼頁 65001) 中不是合法的字元。
C:\training\C++\Reversi\Reversi\test.cpp(1,1): warning C4828: 檔案包含起始於位移 0x1d58 的字元，在目前的來源字元集 (字碼頁 65001) 中不是合法的字元。
C:\training\C++\Reversi\Reversi\test.cpp(1,1): warning C4828: 檔案包含起始於位移 0x1d5a 的字元，在目前的來源字元集 (字碼頁 65001) 中不是合法的字元。
C:\training\C++\Reversi\Reversi\test.cpp(1,1): warning C4828: 檔案包含起始於位移 0x1d5b 的字元，在目前的來源字元集 (字碼頁 65001) 中不是合法的字元。
C:\training\C++\Reversi\Reversi\test.cpp(1,1): warning C4828: 檔案包含起始於位移 0x1d5d 的字元，在目前的來源字元集 (字碼頁 65001) 中不是合法的字元。
C:\training\C++\Reversi\Reversi\test.cpp(1,1): warning C4828: 檔案包含起始於位移 0x1dba 的字元，在目前的來源字元集 (字碼頁 65001) 中不是合法的字元。
C:\training\C++\Reversi\Reversi\test.cpp(1,1): warning C4828: 檔案包含起始於位移 0x1dbb 的字元，在目前的來源字元集 (字碼頁 65001) 中不是合法的字元。
C:\training\C++\Reversi\Reversi\test.cpp(1,1): warning C4828: 檔案包含起始於位移 0x1dbc 的字元，在目前的來源字元集 (字碼頁 65001) 中不是合法的字元。
C:\training\C++\Reversi\Reversi\test.cpp(1,1): warning C4828: 檔案包含起始於位移 0x1dbd 的字元，在目前的來源字元集 (字碼頁 65001) 中不是合法的字元。
C:\training\C++\Reversi\Reversi\test.cpp(1,1): warning C4828: 檔案包含起始於位移 0x1dc0 的字元，在目前的來源字元集 (字碼頁 65001) 中不是合法的字元。
C:\training\C++\Reversi\Reversi\test.cpp(1,1): warning C4828: 檔案包含起始於位移 0x1dc7 的字元，在目前的來源字元集 (字碼頁 65001) 中不是合法的字元。
C:\training\C++\Reversi\Reversi\test.cpp(1,1): warning C4828: 檔案包含起始於位移 0x1dc8 的字元，在目前的來源字元集 (字碼頁 65001) 中不是合法的字元。
C:\training\C++\Reversi\Reversi\test.cpp(1,1): warning C4828: 檔案包含起始於位移 0x1dc9 的字元，在目前的來源字元集 (字碼頁 65001) 中不是合法的字元。
C:\training\C++\Reversi\Reversi\test.cpp(1,1): warning C4828: 檔案包含起始於位移 0x1dca 的字元，在目前的來源字元集 (字碼頁 65001) 中不是合法的字元。
C:\training\C++\Reversi\Reversi\test.cpp(1,1): warning C4828: 檔案包含起始於位移 0x1dcd 的字元，在目前的來源字元集 (字碼頁 65001) 中不是合法的字元。
C:\training\C++\Reversi\Reversi\test.cpp(1,1): warning C4828: 檔案包含起始於位移 0x1e58 的字元，在目前的來源字元集 (字碼頁 65001) 中不是合法的字元。
C:\training\C++\Reversi\Reversi\test.cpp(1,1): warning C4828: 檔案包含起始於位移 0x1e59 的字元，在目前的來源字元集 (字碼頁 65001) 中不是合法的字元。
C:\training\C++\Reversi\Reversi\test.cpp(1,1): warning C4828: 檔案包含起始於位移 0x1e5c 的字元，在目前的來源字元集 (字碼頁 65001) 中不是合法的字元。
C:\training\C++\Reversi\Reversi\test.cpp(1,1): warning C4828: 檔案包含起始於位移 0x1e5d 的字元，在目前的來源字元集 (字碼頁 65001) 中不是合法的字元。
C:\training\C++\Reversi\Reversi\test.cpp(1,1): warning C4828: 檔案包含起始於位移 0x1e62 的字元，在目前的來源字元集 (字碼頁 65001) 中不是合法的字元。
C:\training\C++\Reversi\Reversi\test.cpp(1,1): warning C4828: 檔案包含起始於位移 0x1e63 的字元，在目前的來源字元集 (字碼頁 65001) 中不是合法的字元。
C:\training\C++\Reversi\Reversi\test.cpp(1,1): warning C4828: 檔案包含起始於位移 0x1f62 的字元，在目前的來源字元集 (字碼頁 65001) 中不是合法的字元。
C:\training\C++\Reversi\Reversi\test.cpp(1,1): warning C4828: 檔案包含起始於位移 0x1f63 的字元，在目前的來源字元集 (字碼頁 65001) 中不是合法的字元。
C:\training\C++\Reversi\Reversi\test.cpp(1,1): warning C4828: 檔案包含起始於位移 0x1f64 的字元，在目前的來源字元集 (字碼頁 65001) 中不是合法的字元。
C:\training\C++\Reversi\Reversi\test.cpp(1,1): warning C4828: 檔案包含起始於位移 0x1f68 的字元，在目前的來源字元集 (字碼頁 65001) 中不是合法的字元。
C:\training\C++\Reversi\Reversi\test.cpp(1,1): warning C4828: 檔案包含起始於位移 0x1f69 的字元，在目前的來源字元集 (字碼頁 65001) 中不是合法的字元。
C:\training\C++\Reversi\Reversi\test.cpp(1,1): warning C4828: 檔案包含起始於位移 0x2149 的字元，在目前的來源字元集 (字碼頁 65001) 中不是合法的字元。
C:\training\C++\Reversi\Reversi\test.cpp(1,1): warning C4828: 檔案包含起始於位移 0x214a 的字元，在目前的來源字元集 (字碼頁 65001) 中不是合法的字元。
C:\training\C++\Reversi\Reversi\test.cpp(1,1): warning C4828: 檔案包含起始於位移 0x214b 的字元，在目前的來源字元集 (字碼頁 65001) 中不是合法的字元。
C:\training\C++\Reversi\Reversi\test.cpp(1,1): warning C4828: 檔案包含起始於位移 0x214c 的字元，在目前的來源字元集 (字碼頁 65001) 中不是合法的字元。
C:\training\C++\Reversi\Reversi\test.cpp(1,1): warning C4828: 檔案包含起始於位移 0x214d 的字元，在目前的來源字元集 (字碼頁 65001) 中不是合法的字元。
C:\training\C++\Reversi\Reversi\test.cpp(1,1): warning C4828: 檔案包含起始於位移 0x214e 的字元，在目前的來源字元集 (字碼頁 65001) 中不是合法的字元。
C:\training\C++\Reversi\Reversi\test.cpp(1,1): warning C4828: 檔案包含起始於位移 0x214f 的字元，在目前的來源字元集 (字碼頁 65001) 中不是合法的字元。
C:\training\C++\Reversi\Reversi\test.h(1,1): warning C4828: 檔案包含起始於位移 0x1c6 的字元，在目前的來源字元集 (字碼頁 65001) 中不是合法的字元。
C:\training\C++\Reversi\Reversi\test.h(1,1): warning C4828: 檔案包含起始於位移 0x1c7 的字元，在目前的來源字元集 (字碼頁 65001) 中不是合法的字元。
C:\training\C++\Reversi\Reversi\test.h(1,1): warning C4828: 檔案包含起始於位移 0x1ca 的字元，在目前的來源字元集 (字碼頁 65001) 中不是合法的字元。
C:\training\C++\Reversi\Reversi\test.h(1,1): warning C4828: 檔案包含起始於位移 0x1d3 的字元，在目前的來源字元集 (字碼頁 65001) 中不是合法的字元。
C:\training\C++\Reversi\Reversi\test.h(1,1): warning C4828: 檔案包含起始於位移 0x1d4 的字元，在目前的來源字元集 (字碼頁 65001) 中不是合法的字元。
C:\training\C++\Reversi\Reversi\test.h(1,1): warning C4828: 檔案包含起始於位移 0x2bc 的字元，在目前的來源字元集 (字碼頁 65001) 中不是合法的字元。
C:\training\C++\Reversi\Reversi\test.h(1,1): warning C4828: 檔案包含起始於位移 0x2be 的字元，在目前的來源字元集 (字碼頁 65001) 中不是合法的字元。
C:\training\C++\Reversi\Reversi\test.h(1,1): warning C4828: 檔案包含起始於位移 0x2c0 的字元，在目前的來源字元集 (字碼頁 65001) 中不是合法的字元。
C:\training\C++\Reversi\Reversi\test.h(1,1): warning C4828: 檔案包含起始於位移 0x2c2 的字元，在目前的來源字元集 (字碼頁 65001) 中不是合法的字元。
C:\training\C++\Reversi\Reversi\test.h(1,1): warning C4828: 檔案包含起始於位移 0x2c3 的字元，在目前的來源字元集 (字碼頁 65001) 中不是合法的字元。
C:\training\C++\Reversi\Reversi\test.h(1,1): warning C4828: 檔案包含起始於位移 0x2c4 的字元，在目前的來源字元集 (字碼頁 65001) 中不是合法的字元。
C:\training\C++\Reversi\Reversi\test.h(1,1): warning C4828: 檔案包含起始於位移 0x2c7 的字元，在目前的來源字元集 (字碼頁 65001) 中不是合法的字元。
C:\training\C++\Reversi\Reversi\test.h(1,1): warning C4828: 檔案包含起始於位移 0x2e9 的字元，在目前的來源字元集 (字碼頁 65001) 中不是合法的字元。
C:\training\C++\Reversi\Reversi\test.h(1,1): warning C4828: 檔案包含起始於位移 0x2ea 的字元，在目前的來源字元集 (字碼頁 65001) 中不是合法的字元。
C:\training\C++\Reversi\Reversi\test.h(1,1): warning C4828: 檔案包含起始於位移 0x2f1 的字元，在目前的來源字元集 (字碼頁 65001) 中不是合法的字元。
C:\training\C++\Reversi\Reversi\test.h(1,1): warning C4828: 檔案包含起始於位移 0x2f3 的字元，在目前的來源字元集 (字碼頁 65001) 中不是合法的字元。
C:\training\C++\Reversi\Reversi\test.h(1,1): warning C4828: 檔案包含起始於位移 0x2f4 的字元，在目前的來源字元集 (字碼頁 65001) 中不是合法的字元。
C:\training\C++\Reversi\Reversi\test.h(1,1): warning C4828: 檔案包含起始於位移 0x32b 的字元，在目前的來源字元集 (字碼頁 65001) 中不是合法的字元。
C:\training\C++\Reversi\Reversi\test.h(1,1): warning C4828: 檔案包含起始於位移 0x32d 的字元，在目前的來源字元集 (字碼頁 65001) 中不是合法的字元。
C:\training\C++\Reversi\Reversi\test.h(1,1): warning C4828: 檔案包含起始於位移 0x332 的字元，在目前的來源字元集 (字碼頁 65001) 中不是合法的字元。
C:\training\C++\Reversi\Reversi\test.h(1,1): warning C4828: 檔案包含起始於位移 0x334 的字元，在目前的來源字元集 (字碼頁 65001) 中不是合法的字元。
C:\training\C++\Reversi\Reversi\test.h(1,1): warning C4828: 檔案包含起始於位移 0x407 的字元，在目前的來源字元集 (字碼頁 65001) 中不是合法的字元。
C:\training\C++\Reversi\Reversi\test.h(1,1): warning C4828: 檔案包含起始於位移 0x408 的字元，在目前的來源字元集 (字碼頁 65001) 中不是合法的字元。
C:\training\C++\Reversi\Reversi\test.h(1,1): warning C4828: 檔案包含起始於位移 0x409 的字元，在目前的來源字元集 (字碼頁 65001) 中不是合法的字元。
C:\training\C++\Reversi\Reversi\test.h(1,1): warning C4828: 檔案包含起始於位移 0x40b 的字元，在目前的來源字元集 (字碼頁 65001) 中不是合法的字元。
C:\training\C++\Reversi\Reversi\test.h(1,1): warning C4828: 檔案包含起始於位移 0x40d 的字元，在目前的來源字元集 (字碼頁 65001) 中不是合法的字元。
C:\training\C++\Reversi\Reversi\test.h(1,1): warning C4828: 檔案包含起始於位移 0x40e 的字元，在目前的來源字元集 (字碼頁 65001) 中不是合法的字元。
C:\training\C++\Reversi\Reversi\test.h(1,1): warning C4828: 檔案包含起始於位移 0x431 的字元，在目前的來源字元集 (字碼頁 65001) 中不是合法的字元。
C:\training\C++\Reversi\Reversi\test.h(1,1): warning C4828: 檔案包含起始於位移 0x433 的字元，在目前的來源字元集 (字碼頁 65001) 中不是合法的字元。
C:\training\C++\Reversi\Reversi\test.h(1,1): warning C4828: 檔案包含起始於位移 0x434 的字元，在目前的來源字元集 (字碼頁 65001) 中不是合法的字元。
C:\training\C++\Reversi\Reversi\test.h(1,1): warning C4828: 檔案包含起始於位移 0x437 的字元，在目前的來源字元集 (字碼頁 65001) 中不是合法的字元。
C:\training\C++\Reversi\Reversi\test.h(1,1): warning C4828: 檔案包含起始於位移 0x438 的字元，在目前的來源字元集 (字碼頁 65001) 中不是合法的字元。
C:\training\C++\Reversi\Reversi\test.h(1,1): warning C4828: 檔案包含起始於位移 0x4ae 的字元，在目前的來源字元集 (字碼頁 65001) 中不是合法的字元。
  Reversi.vcxproj -> C:\training\C++\Reversi\x64\Debug\Reversi.exe
